2013-04-05 10:27:39 INFO   org.intermine.bio.ontology.OboParser     - default-namespace is "sequence"
2013-04-05 10:27:39 WARN   org.intermine.bio.ontology.OboParser     - Failed to parse def of term SO:0000004 def: null
2013-04-05 10:27:39 WARN   org.intermine.bio.ontology.OboParser     - Failed to parse def of term SO:0000010 def: null
2013-04-05 10:27:39 WARN   org.intermine.bio.ontology.OboParser     - Failed to parse def of term SO:0000011 def: null
2013-04-05 10:27:39 WARN   org.intermine.bio.ontology.OboParser     - Failed to parse def of term SO:0000026 def: null
2013-04-05 10:27:39 WARN   org.intermine.bio.ontology.OboParser     - Failed to parse def of term SO:0000027 def: null
2013-04-05 10:27:39 WARN   org.intermine.bio.ontology.OboParser     - Failed to parse def of term SO:0000028 def: null
2013-04-05 10:27:39 WARN   org.intermine.bio.ontology.OboParser     - Failed to parse def of term SO:0000060 def: null
2013-04-05 10:27:39 WARN   org.intermine.bio.ontology.OboParser     - Failed to parse def of term SO:0000067 def: null
2013-04-05 10:27:39 WARN   org.intermine.bio.ontology.OboParser     - Failed to parse def of term SO:0000080 def: null
2013-04-05 10:27:39 WARN   org.intermine.bio.ontology.OboParser     - Failed to parse def of term SO:0000081 def: null
2013-04-05 10:27:39 WARN   org.intermine.bio.ontology.OboParser     - Failed to parse def of term SO:0000083 def: null
2013-04-05 10:27:39 WARN   org.intermine.bio.ontology.OboParser     - Failed to parse def of term SO:0000084 def: null
2013-04-05 10:27:39 WARN   org.intermine.bio.ontology.OboParser     - Failed to parse def of term SO:0000107 def: null
2013-04-05 10:27:39 WARN   org.intermine.bio.ontology.OboParser     - Failed to parse def of term SO:0000190 def: null
2013-04-05 10:27:39 WARN   org.intermine.bio.ontology.OboParser     - Failed to parse def of term SO:0000191 def: null
2013-04-05 10:27:39 WARN   org.intermine.bio.ontology.OboParser     - Failed to parse def of term SO:0000192 def: null
2013-04-05 10:27:39 WARN   org.intermine.bio.ontology.OboParser     - Failed to parse def of term SO:0000207 def: null
2013-04-05 10:27:39 WARN   org.intermine.bio.ontology.OboParser     - Failed to parse def of term SO:0000237 def: null
2013-04-05 10:27:39 WARN   org.intermine.bio.ontology.OboParser     - Failed to parse def of term SO:0000240 def: null
2013-04-05 10:27:39 WARN   org.intermine.bio.ontology.OboParser     - Failed to parse def of term SO:0000248 def: null
2013-04-05 10:27:39 WARN   org.intermine.bio.ontology.OboParser     - Failed to parse def of term SO:0000290 def: null
2013-04-05 10:27:39 WARN   org.intermine.bio.ontology.OboParser     - Failed to parse def of term SO:0000291 def: null
2013-04-05 10:27:39 WARN   org.intermine.bio.ontology.OboParser     - Failed to parse def of term SO:0000298 def: null
2013-04-05 10:27:39 WARN   org.intermine.bio.ontology.OboParser     - Failed to parse def of term SO:0000299 def: null
2013-04-05 10:27:39 WARN   org.intermine.bio.ontology.OboParser     - Failed to parse def of term SO:0000300 def: null
2013-04-05 10:27:39 WARN   org.intermine.bio.ontology.OboParser     - Failed to parse def of term SO:0000301 def: null
2013-04-05 10:27:39 WARN   org.intermine.bio.ontology.OboParser     - Failed to parse def of term SO:0000322 def: null
2013-04-05 10:27:39 WARN   org.intermine.bio.ontology.OboParser     - Failed to parse def of term SO:0000328 def: null
2013-04-05 10:27:39 WARN   org.intermine.bio.ontology.OboParser     - Failed to parse def of term SO:0000342 def: null
2013-04-05 10:27:39 WARN   org.intermine.bio.ontology.OboParser     - Failed to parse def of term SO:0000346 def: null
2013-04-05 10:27:39 WARN   org.intermine.bio.ontology.OboParser     - Failed to parse def of term SO:0000381 def: null
2013-04-05 10:27:39 WARN   org.intermine.bio.ontology.OboParser     - Failed to parse def of term SO:0000382 def: null
2013-04-05 10:27:39 WARN   org.intermine.bio.ontology.OboParser     - Failed to parse def of term SO:0000401 def: null
2013-04-05 10:27:39 WARN   org.intermine.bio.ontology.OboParser     - Failed to parse def of term SO:0000420 def: null
2013-04-05 10:27:39 WARN   org.intermine.bio.ontology.OboParser     - Failed to parse def of term SO:0000421 def: null
2013-04-05 10:27:39 WARN   org.intermine.bio.ontology.OboParser     - Failed to parse def of term SO:0000422 def: null
2013-04-05 10:27:39 WARN   org.intermine.bio.ontology.OboParser     - Failed to parse def of term SO:0000423 def: null
2013-04-05 10:27:39 WARN   org.intermine.bio.ontology.OboParser     - Failed to parse def of term SO:0000424 def: null
2013-04-05 10:27:39 WARN   org.intermine.bio.ontology.OboParser     - Failed to parse def of term SO:0000425 def: null
2013-04-05 10:27:39 WARN   org.intermine.bio.ontology.OboParser     - Failed to parse def of term SO:0000426 def: null
2013-04-05 10:27:39 WARN   org.intermine.bio.ontology.OboParser     - Failed to parse def of term SO:0000427 def: null
2013-04-05 10:27:39 WARN   org.intermine.bio.ontology.OboParser     - Failed to parse def of term SO:0000428 def: null
2013-04-05 10:27:39 WARN   org.intermine.bio.ontology.OboParser     - Failed to parse def of term SO:0000429 def: null
2013-04-05 10:27:39 WARN   org.intermine.bio.ontology.OboParser     - Failed to parse def of term SO:0000430 def: null
2013-04-05 10:27:39 WARN   org.intermine.bio.ontology.OboParser     - Failed to parse def of term SO:0000431 def: null
2013-04-05 10:27:39 WARN   org.intermine.bio.ontology.OboParser     - Failed to parse def of term SO:0000432 def: null
2013-04-05 10:27:39 WARN   org.intermine.bio.ontology.OboParser     - Failed to parse def of term SO:0000439 def: null
2013-04-05 10:27:39 WARN   org.intermine.bio.ontology.OboParser     - Failed to parse def of term SO:0000460 def: null
2013-04-05 10:27:39 WARN   org.intermine.bio.ontology.OboParser     - Failed to parse def of term SO:0000482 def: null
2013-04-05 10:27:39 WARN   org.intermine.bio.ontology.OboParser     - Failed to parse def of term SO:0000492 def: null
2013-04-05 10:27:39 WARN   org.intermine.bio.ontology.OboParser     - Failed to parse def of term SO:0000546 def: null
2013-04-05 10:27:39 WARN   org.intermine.bio.ontology.OboParser     - Failed to parse def of term SO:0000562 def: null
2013-04-05 10:27:39 WARN   org.intermine.bio.ontology.OboParser     - Failed to parse def of term SO:0000563 def: null
2013-04-05 10:27:39 WARN   org.intermine.bio.ontology.OboParser     - Failed to parse def of term SO:0000568 def: null
2013-04-05 10:27:39 WARN   org.intermine.bio.ontology.OboParser     - Failed to parse def of term SO:0000571 def: null
2013-04-05 10:27:39 WARN   org.intermine.bio.ontology.OboParser     - Failed to parse def of term SO:0000573 def: null
2013-04-05 10:27:39 WARN   org.intermine.bio.ontology.OboParser     - Failed to parse def of term SO:0000575 def: null
2013-04-05 10:27:39 WARN   org.intermine.bio.ontology.OboParser     - Failed to parse def of term SO:0000578 def: null
2013-04-05 10:27:39 WARN   org.intermine.bio.ontology.OboParser     - Failed to parse def of term SO:0000585 def: null
2013-04-05 10:27:39 WARN   org.intermine.bio.ontology.OboParser     - Failed to parse def of term SO:0000608 def: null
2013-04-05 10:27:39 WARN   org.intermine.bio.ontology.OboParser     - Failed to parse def of term SO:0000617 def: null
2013-04-05 10:27:39 WARN   org.intermine.bio.ontology.OboParser     - Failed to parse def of term SO:0000618 def: null
2013-04-05 10:27:39 WARN   org.intermine.bio.ontology.OboParser     - Failed to parse def of term SO:0000621 def: null
2013-04-05 10:27:39 WARN   org.intermine.bio.ontology.OboParser     - Failed to parse def of term SO:0000623 def: null
2013-04-05 10:27:39 WARN   org.intermine.bio.ontology.OboParser     - Failed to parse def of term SO:0000626 def: null
2013-04-05 10:27:39 WARN   org.intermine.bio.ontology.OboParser     - Failed to parse def of term SO:0000628 def: null
2013-04-05 10:27:39 WARN   org.intermine.bio.ontology.OboParser     - Failed to parse def of term SO:0000629 def: null
2013-04-05 10:27:39 WARN   org.intermine.bio.ontology.OboParser     - Failed to parse def of term SO:0000636 def: null
2013-04-05 10:27:39 WARN   org.intermine.bio.ontology.OboParser     - Failed to parse def of term SO:0000641 def: null
2013-04-05 10:27:39 WARN   org.intermine.bio.ontology.OboParser     - Failed to parse def of term SO:0000642 def: null
2013-04-05 10:27:39 WARN   org.intermine.bio.ontology.OboParser     - Failed to parse def of term SO:0000656 def: null
2013-04-05 10:27:39 WARN   org.intermine.bio.ontology.OboParser     - Failed to parse def of term SO:0000659 def: null
2013-04-05 10:27:39 WARN   org.intermine.bio.ontology.OboParser     - Failed to parse def of term SO:0000663 def: null
2013-04-05 10:27:39 WARN   org.intermine.bio.ontology.OboParser     - Failed to parse def of term SO:0000664 def: null
2013-04-05 10:27:39 WARN   org.intermine.bio.ontology.OboParser     - Failed to parse def of term SO:0000669 def: null
2013-04-05 10:27:39 WARN   org.intermine.bio.ontology.OboParser     - Failed to parse def of term SO:0000685 def: null
2013-04-05 10:27:39 WARN   org.intermine.bio.ontology.OboParser     - Failed to parse def of term SO:0000735 def: null
2013-04-05 10:27:39 WARN   org.intermine.bio.ontology.OboParser     - Failed to parse def of term SO:0000736 def: null
2013-04-05 10:27:39 WARN   org.intermine.bio.ontology.OboParser     - Failed to parse def of term SO:0000737 def: null
2013-04-05 10:27:39 WARN   org.intermine.bio.ontology.OboParser     - Failed to parse def of term SO:0000738 def: null
2013-04-05 10:27:39 WARN   org.intermine.bio.ontology.OboParser     - Failed to parse def of term SO:0000739 def: null
2013-04-05 10:27:39 WARN   org.intermine.bio.ontology.OboParser     - Failed to parse def of term SO:0000740 def: null
2013-04-05 10:27:39 WARN   org.intermine.bio.ontology.OboParser     - Failed to parse def of term SO:0000743 def: null
2013-04-05 10:27:39 WARN   org.intermine.bio.ontology.OboParser     - Failed to parse def of term SO:0000744 def: null
2013-04-05 10:27:39 WARN   org.intermine.bio.ontology.OboParser     - Failed to parse def of term SO:0000745 def: null
2013-04-05 10:27:39 WARN   org.intermine.bio.ontology.OboParser     - Failed to parse def of term SO:0000746 def: null
2013-04-05 10:27:39 WARN   org.intermine.bio.ontology.OboParser     - Failed to parse def of term SO:0000747 def: null
2013-04-05 10:27:39 WARN   org.intermine.bio.ontology.OboParser     - Failed to parse def of term SO:0000748 def: null
2013-04-05 10:27:39 WARN   org.intermine.bio.ontology.OboParser     - Failed to parse def of term SO:0000749 def: null
2013-04-05 10:27:39 WARN   org.intermine.bio.ontology.OboParser     - Failed to parse def of term SO:0000751 def: null
2013-04-05 10:27:39 WARN   org.intermine.bio.ontology.OboParser     - Failed to parse def of term SO:0000752 def: null
2013-04-05 10:27:39 WARN   org.intermine.bio.ontology.OboParser     - Failed to parse def of term SO:0000755 def: null
2013-04-05 10:27:39 WARN   org.intermine.bio.ontology.OboParser     - Failed to parse def of term SO:0000757 def: null
2013-04-05 10:27:39 WARN   org.intermine.bio.ontology.OboParser     - Failed to parse def of term SO:0000758 def: null
2013-04-05 10:27:39 WARN   org.intermine.bio.ontology.OboParser     - Failed to parse def of term SO:0000785 def: null
2013-04-05 10:27:39 WARN   org.intermine.bio.ontology.OboParser     - Failed to parse def of term SO:0000806 def: null
2013-04-05 10:27:39 WARN   org.intermine.bio.ontology.OboParser     - Failed to parse def of term SO:0000842 def: null
2013-04-05 10:27:39 WARN   org.intermine.bio.ontology.OboParser     - Failed to parse def of term SO:0000848 def: null
2013-04-05 10:27:39 WARN   org.intermine.bio.ontology.OboParser     - Failed to parse def of term SO:0000849 def: null
2013-04-05 10:27:39 WARN   org.intermine.bio.ontology.OboParser     - Failed to parse def of term SO:0000850 def: null
2013-04-05 10:27:39 WARN   org.intermine.bio.ontology.OboParser     - Failed to parse def of term SO:0000856 def: null
2013-04-05 10:27:39 WARN   org.intermine.bio.ontology.OboParser     - Failed to parse def of term SO:0000903 def: null
2013-04-05 10:27:39 WARN   org.intermine.bio.ontology.OboParser     - Failed to parse def of term SO:0000910 def: null
2013-04-05 10:27:39 WARN   org.intermine.bio.ontology.OboParser     - Failed to parse def of term SO:0000932 def: null
2013-04-05 10:27:39 WARN   org.intermine.bio.ontology.OboParser     - Failed to parse def of term SO:0000936 def: null
2013-04-05 10:27:39 WARN   org.intermine.bio.ontology.OboParser     - Failed to parse def of term SO:0000938 def: null
2013-04-05 10:27:39 WARN   org.intermine.bio.ontology.OboParser     - Failed to parse def of term SO:0000939 def: null
2013-04-05 10:27:39 WARN   org.intermine.bio.ontology.OboParser     - Failed to parse def of term SO:0000940 def: null
2013-04-05 10:27:39 WARN   org.intermine.bio.ontology.OboParser     - Failed to parse def of term SO:0000951 def: null
2013-04-05 10:27:39 WARN   org.intermine.bio.ontology.OboParser     - Failed to parse def of term SO:0000975 def: null
2013-04-05 10:27:39 WARN   org.intermine.bio.ontology.OboParser     - Failed to parse def of term SO:0000977 def: null
2013-04-05 10:27:39 WARN   org.intermine.bio.ontology.OboParser     - Failed to parse def of term SO:0000981 def: null
2013-04-05 10:27:39 WARN   org.intermine.bio.ontology.OboParser     - Failed to parse def of term SO:0000982 def: null
2013-04-05 10:27:39 WARN   org.intermine.bio.ontology.OboParser     - Failed to parse def of term SO:0000983 def: null
2013-04-05 10:27:39 WARN   org.intermine.bio.ontology.OboParser     - Failed to parse def of term SO:0000984 def: null
2013-04-05 10:27:39 WARN   org.intermine.bio.ontology.OboParser     - Failed to parse def of term SO:0000985 def: null
2013-04-05 10:27:39 WARN   org.intermine.bio.ontology.OboParser     - Failed to parse def of term SO:0000986 def: null
2013-04-05 10:27:39 WARN   org.intermine.bio.ontology.OboParser     - Failed to parse def of term SO:0000991 def: null
2013-04-05 10:27:39 WARN   org.intermine.bio.ontology.OboParser     - Failed to parse def of term SO:0000992 def: null
2013-04-05 10:27:39 WARN   org.intermine.bio.ontology.OboParser     - Failed to parse def of term SO:0000993 def: null
2013-04-05 10:27:39 WARN   org.intermine.bio.ontology.OboParser     - Failed to parse def of term SO:0000994 def: null
2013-04-05 10:27:39 WARN   org.intermine.bio.ontology.OboParser     - Failed to parse def of term SO:0000995 def: null
2013-04-05 10:27:39 WARN   org.intermine.bio.ontology.OboParser     - Failed to parse def of term SO:0000996 def: null
2013-04-05 10:27:39 WARN   org.intermine.bio.ontology.OboParser     - Failed to parse def of term SO:0000997 def: null
2013-04-05 10:27:39 WARN   org.intermine.bio.ontology.OboParser     - Failed to parse def of term SO:0001004 def: null
2013-04-05 10:27:39 WARN   org.intermine.bio.ontology.OboParser     - Failed to parse def of term SO:0001005 def: null
2013-04-05 10:27:39 WARN   org.intermine.bio.ontology.OboParser     - Failed to parse def of term SO:0001014 def: null
2013-04-05 10:27:39 WARN   org.intermine.bio.ontology.OboParser     - Failed to parse def of term SO:0001021 def: null
2013-04-05 10:27:39 WARN   org.intermine.bio.ontology.OboParser     - Failed to parse def of term SO:0001029 def: null
2013-04-05 10:27:39 WARN   org.intermine.bio.ontology.OboParser     - Failed to parse def of term SO:0001032 def: null
2013-04-05 10:27:39 WARN   org.intermine.bio.ontology.OboParser     - Failed to parse def of term SO:0001033 def: null
2013-04-05 10:27:40 WARN   org.intermine.bio.ontology.OboParser     - Failed to parse def of term SO:0001152 def: null
2013-04-05 10:27:40 WARN   org.intermine.bio.ontology.OboParser     - Failed to parse def of term SO:0001153 def: null
2013-04-05 10:27:40 WARN   org.intermine.bio.ontology.OboParser     - Failed to parse def of term SO:0001217 def: null
2013-04-05 10:27:40 WARN   org.intermine.bio.ontology.OboParser     - Failed to parse def of term SO:0001219 def: null
2013-04-05 10:27:40 WARN   org.intermine.bio.ontology.OboParser     - Could not match synonym value from: "D" EXACT RNAMOD []
2013-04-05 10:27:40 WARN   org.intermine.bio.ontology.OboParser     - Could not match synonym value from: "Y" EXACT RNAMOD []
2013-04-05 10:27:40 WARN   org.intermine.bio.ontology.OboParser     - Could not match synonym value from: "I" RELATED []
2013-04-05 10:27:40 WARN   org.intermine.bio.ontology.OboParser     - Failed to parse def of term SO:0001238 def: null
2013-04-05 10:27:40 WARN   org.intermine.bio.ontology.OboParser     - Failed to parse def of term SO:0001239 def: null
2013-04-05 10:27:40 WARN   org.intermine.bio.ontology.OboParser     - Failed to parse def of term SO:0001241 def: null
2013-04-05 10:27:40 WARN   org.intermine.bio.ontology.OboParser     - Failed to parse def of term SO:0001263 def: null
2013-04-05 10:27:40 WARN   org.intermine.bio.ontology.OboParser     - Failed to parse def of term SO:0001264 def: null
2013-04-05 10:27:40 WARN   org.intermine.bio.ontology.OboParser     - Failed to parse def of term SO:0001265 def: null
2013-04-05 10:27:40 WARN   org.intermine.bio.ontology.OboParser     - Failed to parse def of term SO:0001266 def: null
2013-04-05 10:27:40 WARN   org.intermine.bio.ontology.OboParser     - Failed to parse def of term SO:0001267 def: null
2013-04-05 10:27:40 WARN   org.intermine.bio.ontology.OboParser     - Failed to parse def of term SO:0001268 def: null
2013-04-05 10:27:40 WARN   org.intermine.bio.ontology.OboParser     - Failed to parse def of term SO:0001269 def: null
2013-04-05 10:27:40 WARN   org.intermine.bio.ontology.OboParser     - Failed to parse def of term SO:0001270 def: null
2013-04-05 10:27:40 WARN   org.intermine.bio.ontology.OboParser     - Failed to parse def of term SO:0001271 def: null
2013-04-05 10:27:40 WARN   org.intermine.bio.ontology.OboParser     - Failed to parse def of term SO:0001272 def: null
2013-04-05 10:27:40 WARN   org.intermine.bio.ontology.OboParser     - Failed to parse def of term SO:0001276 def: null
2013-04-05 10:27:40 WARN   org.intermine.bio.ontology.OboParser     - Failed to parse def of term SO:0001277 def: null
2013-04-05 10:27:40 WARN   org.intermine.bio.ontology.OboParser     - Could not match synonym value from: "Q" EXACT RNAMOD []
2013-04-05 10:27:40 WARN   org.intermine.bio.ontology.OboParser     - Failed to parse def of term SO:0001384 def: null
2013-04-05 10:27:40 WARN   org.intermine.bio.ontology.OboParser     - Failed to parse def of term SO:0001391 def: null
2013-04-05 10:27:40 WARN   org.intermine.bio.ontology.OboParser     - Could not match synonym value from: "A" EXACT aa1 []
2013-04-05 10:27:40 WARN   org.intermine.bio.ontology.OboParser     - Failed to parse def of term SO:0001435 def: null
2013-04-05 10:27:40 WARN   org.intermine.bio.ontology.OboParser     - Could not match synonym value from: "V" EXACT aa1 []
2013-04-05 10:27:40 WARN   org.intermine.bio.ontology.OboParser     - Failed to parse def of term SO:0001436 def: null
2013-04-05 10:27:40 WARN   org.intermine.bio.ontology.OboParser     - Could not match synonym value from: "L" EXACT aa1 []
2013-04-05 10:27:40 WARN   org.intermine.bio.ontology.OboParser     - Failed to parse def of term SO:0001437 def: null
2013-04-05 10:27:40 WARN   org.intermine.bio.ontology.OboParser     - Could not match synonym value from: "I" EXACT aa1 []
2013-04-05 10:27:40 WARN   org.intermine.bio.ontology.OboParser     - Failed to parse def of term SO:0001438 def: null
2013-04-05 10:27:40 WARN   org.intermine.bio.ontology.OboParser     - Could not match synonym value from: "P" EXACT aa1 []
2013-04-05 10:27:40 WARN   org.intermine.bio.ontology.OboParser     - Failed to parse def of term SO:0001439 def: null
2013-04-05 10:27:40 WARN   org.intermine.bio.ontology.OboParser     - Could not match synonym value from: "W" EXACT aa1 []
2013-04-05 10:27:40 WARN   org.intermine.bio.ontology.OboParser     - Failed to parse def of term SO:0001440 def: null
2013-04-05 10:27:40 WARN   org.intermine.bio.ontology.OboParser     - Could not match synonym value from: "F" EXACT aa1 []
2013-04-05 10:27:40 WARN   org.intermine.bio.ontology.OboParser     - Failed to parse def of term SO:0001441 def: null
2013-04-05 10:27:40 WARN   org.intermine.bio.ontology.OboParser     - Could not match synonym value from: "M" EXACT aa1 []
2013-04-05 10:27:40 WARN   org.intermine.bio.ontology.OboParser     - Failed to parse def of term SO:0001442 def: null
2013-04-05 10:27:40 WARN   org.intermine.bio.ontology.OboParser     - Could not match synonym value from: "G" EXACT aa1 []
2013-04-05 10:27:40 WARN   org.intermine.bio.ontology.OboParser     - Failed to parse def of term SO:0001443 def: null
2013-04-05 10:27:40 WARN   org.intermine.bio.ontology.OboParser     - Could not match synonym value from: "S" EXACT aa1 []
2013-04-05 10:27:40 WARN   org.intermine.bio.ontology.OboParser     - Failed to parse def of term SO:0001444 def: null
2013-04-05 10:27:40 WARN   org.intermine.bio.ontology.OboParser     - Could not match synonym value from: "T" EXACT aa1 []
2013-04-05 10:27:40 WARN   org.intermine.bio.ontology.OboParser     - Failed to parse def of term SO:0001445 def: null
2013-04-05 10:27:40 WARN   org.intermine.bio.ontology.OboParser     - Could not match synonym value from: "Y" EXACT aa1 []
2013-04-05 10:27:40 WARN   org.intermine.bio.ontology.OboParser     - Failed to parse def of term SO:0001446 def: null
2013-04-05 10:27:40 WARN   org.intermine.bio.ontology.OboParser     - Could not match synonym value from: "C" EXACT aa1 []
2013-04-05 10:27:40 WARN   org.intermine.bio.ontology.OboParser     - Failed to parse def of term SO:0001447 def: null
2013-04-05 10:27:40 WARN   org.intermine.bio.ontology.OboParser     - Could not match synonym value from: "Q" EXACT aa1 []
2013-04-05 10:27:40 WARN   org.intermine.bio.ontology.OboParser     - Failed to parse def of term SO:0001448 def: null
2013-04-05 10:27:40 WARN   org.intermine.bio.ontology.OboParser     - Could not match synonym value from: "N" EXACT aa1 []
2013-04-05 10:27:40 WARN   org.intermine.bio.ontology.OboParser     - Failed to parse def of term SO:0001449 def: null
2013-04-05 10:27:40 WARN   org.intermine.bio.ontology.OboParser     - Could not match synonym value from: "K" EXACT aa1 []
2013-04-05 10:27:40 WARN   org.intermine.bio.ontology.OboParser     - Failed to parse def of term SO:0001450 def: null
2013-04-05 10:27:40 WARN   org.intermine.bio.ontology.OboParser     - Could not match synonym value from: "R" EXACT aa1 []
2013-04-05 10:27:40 WARN   org.intermine.bio.ontology.OboParser     - Failed to parse def of term SO:0001451 def: null
2013-04-05 10:27:40 WARN   org.intermine.bio.ontology.OboParser     - Could not match synonym value from: "H" EXACT aa1 []
2013-04-05 10:27:40 WARN   org.intermine.bio.ontology.OboParser     - Failed to parse def of term SO:0001452 def: null
2013-04-05 10:27:40 WARN   org.intermine.bio.ontology.OboParser     - Could not match synonym value from: "D" EXACT aa1 []
2013-04-05 10:27:40 WARN   org.intermine.bio.ontology.OboParser     - Failed to parse def of term SO:0001453 def: null
2013-04-05 10:27:40 WARN   org.intermine.bio.ontology.OboParser     - Could not match synonym value from: "E" EXACT aa1 []
2013-04-05 10:27:40 WARN   org.intermine.bio.ontology.OboParser     - Failed to parse def of term SO:0001454 def: null
2013-04-05 10:27:40 WARN   org.intermine.bio.ontology.OboParser     - Could not match synonym value from: "U" EXACT aa1 []
2013-04-05 10:27:40 WARN   org.intermine.bio.ontology.OboParser     - Failed to parse def of term SO:0001455 def: null
2013-04-05 10:27:40 WARN   org.intermine.bio.ontology.OboParser     - Could not match synonym value from: "O" EXACT aa1 []
2013-04-05 10:27:40 WARN   org.intermine.bio.ontology.OboParser     - Failed to parse def of term SO:0001456 def: null
2013-04-05 10:27:40 WARN   org.intermine.bio.ontology.OboParser     - Failed to parse def of term SO:0001482 def: null
2013-04-05 10:27:40 WARN   org.intermine.bio.ontology.OboParser     - Failed to parse def of term SO:0001508 def: null
2013-04-05 10:27:40 WARN   org.intermine.bio.ontology.OboParser     - Failed to parse def of term SO:0001509 def: null
2013-04-05 10:27:40 WARN   org.intermine.bio.ontology.OboParser     - Failed to parse def of term SO:0001510 def: null
2013-04-05 10:27:40 WARN   org.intermine.bio.ontology.OboParser     - Failed to parse def of term SO:0001511 def: null
2013-04-05 10:27:40 WARN   org.intermine.bio.ontology.OboParser     - Failed to parse def of term SO:0001513 def: null
2013-04-05 10:27:40 WARN   org.intermine.bio.ontology.OboParser     - Failed to parse def of term SO:0001517 def: null
2013-04-05 10:27:40 WARN   org.intermine.bio.ontology.OboParser     - Failed to parse def of term SO:0001518 def: null
2013-04-05 10:27:40 WARN   org.intermine.bio.ontology.OboParser     - Failed to parse def of term SO:0001519 def: null
2013-04-05 10:27:40 WARN   org.intermine.bio.ontology.OboParser     - Failed to parse def of term SO:0001520 def: null
2013-04-05 10:27:40 WARN   org.intermine.bio.ontology.OboParser     - Failed to parse def of term SO:0001521 def: null
2013-04-05 10:27:40 WARN   org.intermine.bio.ontology.OboParser     - Failed to parse def of term SO:0001522 def: null
2013-04-05 10:27:40 WARN   org.intermine.bio.ontology.OboParser     - Failed to parse def of term SO:0001523 def: null
2013-04-05 10:27:40 WARN   org.intermine.bio.ontology.OboParser     - Failed to parse def of term SO:0001524 def: null
2013-04-05 10:27:40 WARN   org.intermine.bio.ontology.OboParser     - Failed to parse def of term SO:0001593 def: null
2013-04-05 10:27:40 WARN   org.intermine.bio.ontology.OboParser     - Failed to parse def of term SO:0001595 def: null
2013-04-05 10:27:40 WARN   org.intermine.bio.ontology.OboParser     - Failed to parse def of term SO:0001602 def: null
2013-04-05 10:27:40 WARN   org.intermine.bio.ontology.OboParser     - Failed to parse def of term SO:0001659 def: null
2013-04-05 10:27:40 WARN   org.intermine.bio.ontology.OboParser     - Failed to parse def of term SO:0001660 def: null
2013-04-05 10:27:40 WARN   org.intermine.bio.ontology.OboParser     - Failed to parse def of term SO:0001668 def: null
2013-04-05 10:27:40 WARN   org.intermine.bio.ontology.OboParser     - Failed to parse def of term SO:0001670 def: null
2013-04-05 10:27:40 WARN   org.intermine.bio.ontology.OboParser     - Failed to parse def of term SO:0001671 def: null
2013-04-05 10:27:40 WARN   org.intermine.bio.ontology.OboParser     - Failed to parse def of term SO:0001672 def: null
2013-04-05 10:27:40 WARN   org.intermine.bio.ontology.OboParser     - Failed to parse def of term SO:0001690 def: null
2013-04-05 10:27:40 WARN   org.intermine.bio.ontology.OboParser     - Failed to parse def of term SO:0001691 def: null
2013-04-05 10:27:40 WARN   org.intermine.bio.ontology.OboParser     - Failed to parse def of term SO:0001692 def: null
2013-04-05 10:27:40 WARN   org.intermine.bio.ontology.OboParser     - Failed to parse def of term SO:0001765 def: null
2013-04-05 10:27:40 WARN   org.intermine.bio.ontology.OboParser     - Failed to parse def of term SO:0001766 def: null
2013-04-05 10:27:40 WARN   org.intermine.bio.ontology.OboParser     - Failed to parse def of term SO:0001767 def: null
2013-04-05 10:27:40 WARN   org.intermine.bio.ontology.OboParser     - Failed to parse def of term SO:0001768 def: null
2013-04-05 10:27:40 WARN   org.intermine.bio.ontology.OboParser     - Failed to parse def of term SO:0001770 def: null
2013-04-05 10:27:40 WARN   org.intermine.bio.ontology.OboParser     - Failed to parse def of term SO:0001771 def: null
2013-04-05 10:27:40 WARN   org.intermine.bio.ontology.OboParser     - Failed to parse def of term SO:0001772 def: null
2013-04-05 10:27:40 WARN   org.intermine.bio.ontology.OboParser     - Failed to parse def of term SO:0001773 def: null
2013-04-05 10:27:40 WARN   org.intermine.bio.ontology.OboParser     - Failed to parse def of term SO:0001774 def: null
2013-04-05 10:27:40 WARN   org.intermine.bio.ontology.OboParser     - Failed to parse def of term SO:0001775 def: null
2013-04-05 10:27:40 WARN   org.intermine.bio.ontology.OboParser     - Failed to parse def of term SO:0001776 def: null
2013-04-05 10:27:40 WARN   org.intermine.bio.ontology.OboParser     - Failed to parse def of term SO:0001777 def: null
2013-04-05 10:27:40 WARN   org.intermine.bio.ontology.OboParser     - Failed to parse def of term SO:0001778 def: null
2013-04-05 10:27:40 WARN   org.intermine.bio.ontology.OboParser     - Failed to parse def of term SO:0001779 def: null
2013-04-05 10:27:40 WARN   org.intermine.bio.ontology.OboParser     - Failed to parse def of term SO:0001780 def: null
2013-04-05 10:27:40 WARN   org.intermine.bio.ontology.OboParser     - Failed to parse def of term SO:0001781 def: null
2013-04-05 10:27:40 WARN   org.intermine.bio.ontology.OboParser     - Failed to parse def of term SO:0001785 def: null
2013-04-05 10:27:40 WARN   org.intermine.bio.ontology.OboParser     - Failed to parse def of term SO:0001814 def: null
2013-04-05 10:27:40 WARN   org.intermine.bio.ontology.OboParser     - Failed to parse def of term SO:0001815 def: null
2013-04-05 10:27:40 WARN   org.intermine.bio.ontology.OboParser     - Failed to parse def of term SO:0001816 def: null
2013-04-05 10:27:40 WARN   org.intermine.bio.ontology.OboParser     - Failed to parse def of term SO:0005847 def: null
2013-04-05 10:27:40 WARN   org.intermine.bio.ontology.OboParser     - Failed to parse def of term SO:0005848 def: null
2013-04-05 10:27:40 WARN   org.intermine.bio.ontology.OboParser     - Failed to parse def of term SO:0005849 def: null
2013-04-05 10:27:40 WARN   org.intermine.bio.ontology.OboParser     - Failed to parse def of term SO:1000013 def: null
2013-04-05 10:27:40 WARN   org.intermine.bio.ontology.OboParser     - Failed to parse def of term SO:1000020 def: null
2013-04-05 10:27:40 WARN   org.intermine.bio.ontology.OboParser     - Failed to parse def of term SO:1000170 def: null
2013-04-05 10:27:40 WARN   org.intermine.bio.ontology.OboParser     - Failed to parse def of term SO:1000175 def: null
2013-04-05 10:27:40 WARN   org.intermine.bio.ontology.OboParser     - Failed to parse def of term SO:1000183 def: null
2013-04-05 10:27:40 WARN   org.intermine.bio.ontology.OboParser     - Failed to parse def of term SO:1001217 def: null
2013-04-05 10:27:40 INFO     org.obo.dataadapter.OBOFileAdapter     - Reading [/home/intermine/intermine1.0/intermine/bio/sources/so/so.obo]
	 (allowDangling = true)
	 (followImports = true)
2013-04-05 10:27:40 INFO  org.obo.dataadapter.SimpleLinkFileAdapter     - gsr=[/home/intermine/intermine1.0/intermine/zfinmine/dbmodel/build/obo6645630222230659572.tmp]
2013-04-05 10:27:40 INFO  org.obo.dataadapter.SimpleLinkFileAdapter     - fp=/home/intermine/intermine1.0/intermine/zfinmine/dbmodel/build/obo6645630222230659572.tmp
2013-04-05 10:27:40 INFO  org.obo.dataadapter.SimpleLinkFileAdapter     - fpp=/home/intermine/intermine1.0/intermine/zfinmine/dbmodel/build/obo6645630222230659572.tmp
2013-04-05 10:27:40 INFO  org.obo.dataadapter.SimpleLinkFileAdapter     - new reasoner...
2013-04-05 10:27:43 INFO  org.obo.reasoner.impl.LinkPileReasoner     -    Total reasoner time = 2077.6257 ms
2013-04-05 10:27:43 INFO  org.obo.reasoner.impl.LinkPileReasoner     -    Add time(true(0)) = 876.068547 ms
2013-04-05 10:27:43 INFO  org.obo.reasoner.impl.LinkPileReasoner     -    Add time(false(0)) = 0.0 ms
2013-04-05 10:27:43 INFO  org.obo.reasoner.impl.LinkPileReasoner     -    Pile pull time: 36.765906 ms
2013-04-05 10:27:43 INFO  org.obo.reasoner.impl.LinkPileReasoner     -  readdedCount = 0
2013-04-05 10:27:43 INFO  org.obo.reasoner.impl.LinkPileReasoner     -  newaddedCount = 0
2013-04-05 10:27:43 INFO  org.obo.reasoner.impl.LinkPileReasoner     -    time in rule (Transitivity rule (implicationTime = 377.933182, expConstTime = 226.217408, fetchTime = 143.237546)) = 892.112951 ms
2013-04-05 10:27:43 INFO  org.obo.reasoner.impl.LinkPileReasoner     -    time in rule (org.obo.reasoner.impl.GenusDifferentiaRule@10875750) = 8.310145 ms
2013-04-05 10:27:43 INFO  org.obo.reasoner.impl.LinkPileReasoner     -    time in rule (org.obo.reasoner.impl.IntersectionRule@25754daa) = 40.959812 ms
2013-04-05 10:27:43 INFO  org.obo.reasoner.impl.LinkPileReasoner     -    time in rule (org.obo.reasoner.impl.TransitiveOverRule@383de71c) = 16.054708 ms
2013-04-05 10:27:43 INFO  org.obo.reasoner.impl.LinkPileReasoner     -    time in rule (org.obo.reasoner.impl.HoldsOverChainRule@680ffc1c) = 28.026099 ms
2013-04-05 10:27:43 INFO  org.obo.reasoner.impl.LinkPileReasoner     -    time in rule (org.obo.reasoner.impl.PropertyIntersectionRule@7170c7a3) = 22.17286 ms
2013-04-05 10:27:43 INFO   org.intermine.bio.ontology.OboParser     - PROGRESS:Writing file...
2013-04-05 10:27:43 INFO   org.intermine.bio.ontology.OboParser     - Unsupported type:relation
2013-04-05 10:27:43 INFO   org.intermine.bio.ontology.OboParser     - Unsupported type:disjoint_from
2013-04-05 10:27:43 INFO   org.intermine.bio.ontology.OboParser     - Unsupported type:disjoint_from
2013-04-05 10:27:43 INFO   org.intermine.bio.ontology.OboParser     - Unsupported type:disjoint_from
2013-04-05 10:27:43 INFO   org.intermine.bio.ontology.OboParser     - Unsupported type:disjoint_from
2013-04-05 10:27:43 INFO   org.intermine.bio.ontology.OboParser     - Unsupported type:disjoint_from
2013-04-05 10:27:43 INFO   org.intermine.bio.ontology.OboParser     - Processed transitive closure of OBO file, took: 3211 ms
2013-04-05 10:27:45 INFO  org.intermine.modelproduction.ModelMerger     - removing attribute primaryIdentifier redefinition in org.intermine.model.bio.SequenceAlteration (is now defined in org.intermine.model.bio.BioEntity)
2013-04-05 10:27:45 INFO  org.intermine.modelproduction.ModelMerger     - removing reference organism redefinition in org.intermine.model.bio.SequenceAlteration (is now defined in org.intermine.model.bio.BioEntity)
2013-04-05 10:27:45 INFO  org.intermine.modelproduction.ModelMerger     - removing attribute type redefinition in org.intermine.model.bio.SNP (is now defined in org.intermine.model.bio.SequenceAlteration)
2013-04-05 10:27:45 INFO  org.intermine.modelproduction.ModelMerger     - removing attribute primaryIdentifier redefinition in org.intermine.model.bio.SNP (is now defined in org.intermine.model.bio.SequenceAlteration)
2013-04-05 10:27:45 INFO  org.intermine.modelproduction.ModelMerger     - removing reference organism redefinition in org.intermine.model.bio.SNP (is now defined in org.intermine.model.bio.SequenceAlteration)
2013-04-05 10:27:45 INFO  org.intermine.modelproduction.ModelMerger     - removing attribute symbol redefinition in org.intermine.model.bio.SNP (is now defined in org.intermine.model.bio.BioEntity)
2013-04-05 10:27:45 INFO  org.intermine.modelproduction.ModelMerger     - removing attribute name redefinition in org.intermine.model.bio.SNP (is now defined in org.intermine.model.bio.BioEntity)
2013-04-05 10:27:45 INFO  org.intermine.modelproduction.ModelMerger     - removing attribute symbol redefinition in org.intermine.model.bio.Pseudogene (is now defined in org.intermine.model.bio.BioEntity)
2013-04-05 10:27:45 INFO  org.intermine.modelproduction.ModelMerger     - removing attribute primaryIdentifier redefinition in org.intermine.model.bio.Pseudogene (is now defined in org.intermine.model.bio.BioEntity)
2013-04-05 10:27:45 INFO  org.intermine.modelproduction.ModelMerger     - removing attribute name redefinition in org.intermine.model.bio.Pseudogene (is now defined in org.intermine.model.bio.BioEntity)
2013-04-05 10:27:45 INFO  org.intermine.modelproduction.ModelMerger     - removing reference organism redefinition in org.intermine.model.bio.Pseudogene (is now defined in org.intermine.model.bio.BioEntity)
2013-04-05 10:27:45 INFO  org.intermine.modelproduction.ModelMerger     - removing attribute symbol redefinition in org.intermine.model.bio.Clone (is now defined in org.intermine.model.bio.BioEntity)
2013-04-05 10:27:45 INFO  org.intermine.modelproduction.ModelMerger     - removing attribute primaryIdentifier redefinition in org.intermine.model.bio.Clone (is now defined in org.intermine.model.bio.BioEntity)
2013-04-05 10:27:45 INFO  org.intermine.modelproduction.ModelMerger     - removing attribute name redefinition in org.intermine.model.bio.Clone (is now defined in org.intermine.model.bio.BioEntity)
2013-04-05 10:27:45 INFO  org.intermine.modelproduction.ModelMerger     - removing reference organism redefinition in org.intermine.model.bio.Clone (is now defined in org.intermine.model.bio.BioEntity)
2013-04-05 10:27:45 INFO  org.intermine.modelproduction.ModelMerger     - removing attribute secondaryIdentifier redefinition in org.intermine.model.bio.Transcript (is now defined in org.intermine.model.bio.BioEntity)
2013-04-05 10:27:45 INFO  org.intermine.modelproduction.ModelMerger     - removing attribute symbol redefinition in org.intermine.model.bio.Transcript (is now defined in org.intermine.model.bio.BioEntity)
2013-04-05 10:27:45 INFO  org.intermine.modelproduction.ModelMerger     - removing attribute primaryIdentifier redefinition in org.intermine.model.bio.Transcript (is now defined in org.intermine.model.bio.BioEntity)
2013-04-05 10:27:45 INFO  org.intermine.modelproduction.ModelMerger     - removing attribute name redefinition in org.intermine.model.bio.Transcript (is now defined in org.intermine.model.bio.BioEntity)
2013-04-05 10:27:45 INFO  org.intermine.modelproduction.ModelMerger     - removing reference organism redefinition in org.intermine.model.bio.Transcript (is now defined in org.intermine.model.bio.BioEntity)
2013-04-05 10:27:45 INFO  org.intermine.modelproduction.ModelMerger     - removing attribute symbol redefinition in org.intermine.model.bio.RAPD (is now defined in org.intermine.model.bio.BioEntity)
2013-04-05 10:27:45 INFO  org.intermine.modelproduction.ModelMerger     - removing attribute primaryIdentifier redefinition in org.intermine.model.bio.RAPD (is now defined in org.intermine.model.bio.BioEntity)
2013-04-05 10:27:45 INFO  org.intermine.modelproduction.ModelMerger     - removing attribute name redefinition in org.intermine.model.bio.RAPD (is now defined in org.intermine.model.bio.BioEntity)
2013-04-05 10:27:45 INFO  org.intermine.modelproduction.ModelMerger     - removing reference organism redefinition in org.intermine.model.bio.RAPD (is now defined in org.intermine.model.bio.BioEntity)
2013-04-05 10:27:45 INFO  org.intermine.modelproduction.ModelMerger     - removing attribute type redefinition in org.intermine.model.bio.SimpleSequenceLengthVariation (is now defined in org.intermine.model.bio.SequenceAlteration)
2013-04-05 10:27:45 INFO  org.intermine.modelproduction.ModelMerger     - removing attribute primaryIdentifier redefinition in org.intermine.model.bio.SimpleSequenceLengthVariation (is now defined in org.intermine.model.bio.SequenceAlteration)
2013-04-05 10:27:45 INFO  org.intermine.modelproduction.ModelMerger     - removing reference organism redefinition in org.intermine.model.bio.SimpleSequenceLengthVariation (is now defined in org.intermine.model.bio.SequenceAlteration)
2013-04-05 10:27:45 INFO  org.intermine.modelproduction.ModelMerger     - removing attribute symbol redefinition in org.intermine.model.bio.SimpleSequenceLengthVariation (is now defined in org.intermine.model.bio.BioEntity)
2013-04-05 10:27:45 INFO  org.intermine.modelproduction.ModelMerger     - removing attribute name redefinition in org.intermine.model.bio.SimpleSequenceLengthVariation (is now defined in org.intermine.model.bio.BioEntity)
2013-04-05 10:27:45 INFO  org.intermine.modelproduction.ModelMerger     - removing attribute symbol redefinition in org.intermine.model.bio.Gene (is now defined in org.intermine.model.bio.BioEntity)
2013-04-05 10:27:45 INFO  org.intermine.modelproduction.ModelMerger     - removing attribute name redefinition in org.intermine.model.bio.Chromosome (is now defined in org.intermine.model.bio.BioEntity)
2013-04-05 10:27:45 INFO  org.intermine.modelproduction.ModelMerger     - removing attribute symbol redefinition in org.intermine.model.bio.STS (is now defined in org.intermine.model.bio.BioEntity)
2013-04-05 10:27:45 INFO  org.intermine.modelproduction.ModelMerger     - removing attribute primaryIdentifier redefinition in org.intermine.model.bio.STS (is now defined in org.intermine.model.bio.BioEntity)
2013-04-05 10:27:45 INFO  org.intermine.modelproduction.ModelMerger     - removing attribute name redefinition in org.intermine.model.bio.STS (is now defined in org.intermine.model.bio.BioEntity)
2013-04-05 10:27:45 INFO  org.intermine.modelproduction.ModelMerger     - removing reference organism redefinition in org.intermine.model.bio.STS (is now defined in org.intermine.model.bio.BioEntity)
2013-04-05 10:27:45 INFO  org.intermine.modelproduction.ModelMerger     - removing attribute symbol redefinition in org.intermine.model.bio.MorpholinoOligo (is now defined in org.intermine.model.bio.BioEntity)
2013-04-05 10:27:45 INFO  org.intermine.modelproduction.ModelMerger     - removing attribute primaryIdentifier redefinition in org.intermine.model.bio.MorpholinoOligo (is now defined in org.intermine.model.bio.BioEntity)
2013-04-05 10:27:45 INFO  org.intermine.modelproduction.ModelMerger     - removing attribute name redefinition in org.intermine.model.bio.MorpholinoOligo (is now defined in org.intermine.model.bio.BioEntity)
2013-04-05 10:27:45 INFO  org.intermine.modelproduction.ModelMerger     - removing reference organism redefinition in org.intermine.model.bio.MorpholinoOligo (is now defined in org.intermine.model.bio.BioEntity)
2013-04-05 10:27:49 INFO  org.intermine.objectstore.intermine.TorqueModelOutput     - Generating /home/intermine/intermine1.0/intermine/zfinmine/dbmodel/build/main/os.production-schema.xml
2013-04-05 10:27:49 INFO             org.intermine.sql.Database     - Creating new Database jdbc:postgresql://localhost/dev-zfinmine({platform=PostgreSQL, datasource.dataSourceName=db.production, datasource.maxConnections=50, datasource.databaseName=dev-zfinmine, datasource.class=org.postgresql.jdbc3.Jdbc3PoolingDataSource, datasource.password=zfinmine, datasource.user=intermine, driver=org.postgresql.Driver, datasource.serverName=localhost} org.postgresql.Driver PostgreSQL) with ClassLoader AntClassLoader[/home/intermine/intermine1.0/intermine/zfinmine/dbmodel/build/model:/home/intermine/intermine1.0/intermine/zfinmine/dbmodel/build/main:/home/intermine/intermine1.0/intermine/intermine/objectstore/main/dist/intermine-objectstore.jar:/home/intermine/intermine1.0/intermine/intermine/objectstore/main/lib/ant-1.6.5.jar:/home/intermine/intermine1.0/intermine/intermine/objectstore/main/lib/antlr-2.7.6-caching.jar:/home/intermine/intermine1.0/intermine/intermine/objectstore/main/lib/base64.jar:/home/intermine/intermine1.0/intermine/intermine/objectstore/main/lib/cglib-full-2.0.1-patched.jar:/home/intermine/intermine1.0/intermine/intermine/objectstore/main/lib/commons-beanutils-1.6.1.jar:/home/intermine/intermine1.0/intermine/intermine/objectstore/main/lib/commons-collections-3.2.jar:/home/intermine/intermine1.0/intermine/intermine/objectstore/main/lib/commons-digester.jar:/home/intermine/intermine1.0/intermine/intermine/objectstore/main/lib/commons-io-1.2.jar:/home/intermine/intermine1.0/intermine/intermine/objectstore/main/lib/commons-lang-2.6.jar:/home/intermine/intermine1.0/intermine/intermine/objectstore/main/lib/commons-logging-1.0.jar:/home/intermine/intermine1.0/intermine/intermine/objectstore/main/lib/jaxrpc.jar:/home/intermine/intermine1.0/intermine/intermine/objectstore/main/lib/libreadline-java.jar:/home/intermine/intermine1.0/intermine/intermine/objectstore/main/lib/log4j.jar:/home/intermine/intermine1.0/intermine/intermine/objectstore/main/lib/ojdbc14.jar:/home/intermine/intermine1.0/intermine/intermine/objectstore/main/lib/opencsv-2.3.jar:/home/intermine/intermine1.0/intermine/intermine/objectstore/main/lib/postgresql-cvs-2010-07-20-patched.jar:/home/intermine/intermine1.0/intermine/intermine/objectstore/main/lib/saaj.jar:/home/intermine/intermine1.0/intermine/intermine/objectstore/main/lib/torque-3.2-dev.jar:/home/intermine/intermine1.0/intermine/intermine/objectstore/main/lib/torque-gen-3.2-dev.jar:/home/intermine/intermine1.0/intermine/intermine/objectstore/main/lib/velocity-1.3.jar:/home/intermine/intermine1.0/intermine/intermine/objectstore/main/lib/xercesImpl-2.6.1.jar:/home/intermine/intermine1.0/intermine/intermine/integrate/model/fulldata/dist/fulldata.jar:/home/intermine/intermine1.0/intermine/intermine/integrate/main/dist/intermine-integrate.jar:/home/intermine/intermine1.0/intermine/intermine/integrate/main/lib/json20110106.jar:/home/intermine/intermine1.0/intermine/intermine/integrate/main/lib/mysql-connector-java-3.0.10-stable-bin.jar:/home/intermine/intermine1.0/intermine/intermine/integrate/main/lib/stax-api-1.0.jar:/home/intermine/intermine1.0/intermine/intermine/integrate/main/lib/stax-ri-1.0.jar:/home/intermine/intermine1.0/intermine/intermine/api/model/userprofile/dist/userprofile.jar:/home/intermine/intermine1.0/intermine/intermine/pathquery/main/dist/intermine-pathquery.jar:/home/intermine/intermine1.0/intermine/intermine/pathquery/main/lib/stax-api-1.0.jar:/home/intermine/intermine1.0/intermine/intermine/pathquery/main/lib/stax-ri-1.0.jar:/home/intermine/intermine1.0/intermine/intermine/webservice/client/main/dist/intermine-webservice-client.jar:/home/intermine/intermine1.0/intermine/intermine/webservice/client/main/lib/commons-codec-1.3.jar:/home/intermine/intermine1.0/intermine/intermine/webservice/client/main/lib/commons-httpclient-3.0.jar:/home/intermine/intermine1.0/intermine/intermine/webservice/client/main/lib/commons-logging-1.1.1.jar:/home/intermine/intermine1.0/intermine/intermine/webservice/client/main/lib/json20110106.jar:/home/intermine/intermine1.0/intermine/intermine/webservice/client/main/lib/log4j.jar:/home/intermine/intermine1.0/intermine/intermine/api/main/dist/intermine-api.jar:/home/intermine/intermine1.0/intermine/intermine/api/main/lib/bobo-browse-2.5.1.jar:/home/intermine/intermine1.0/intermine/intermine/api/main/lib/fastutil.jar:/home/intermine/intermine1.0/intermine/intermine/api/main/lib/json20110106.jar:/home/intermine/intermine1.0/intermine/intermine/api/main/lib/kamikaze-2.0.0.jar:/home/intermine/intermine1.0/intermine/intermine/api/main/lib/lucene-core-3.0.2.jar:/home/intermine/intermine1.0/intermine/intermine/api/main/lib/lucene-highlighter-3.0.2.jar:/home/intermine/intermine1.0/intermine/intermine/api/main/lib/lucene-queries-3.0.2.jar:/home/intermine/intermine1.0/intermine/intermine/api/main/lib/lucene-snowball-3.0.2.jar:/home/intermine/intermine1.0/intermine/intermine/api/main/lib/stax-api-1.0.jar:/home/intermine/intermine1.0/intermine/intermine/api/main/lib/stax-ri-1.0.jar:/home/intermine/intermine1.0/intermine/intermine/api/main/lib/xalan.jar:/home/intermine/intermine1.0/intermine/bio/core/main/dist/genomic-tasks.jar:/home/intermine/intermine1.0/intermine/bio/core/main/lib/bbop.jar:/home/intermine/intermine1.0/intermine/bio/core/main/lib/biojava-1.7.1.jar:/home/intermine/intermine1.0/intermine/bio/core/main/lib/jakarta-regexp-1.4.jar:/home/intermine/intermine1.0/intermine/bio/core/main/lib/obo.jar:/home/intermine/intermine1.0/intermine/zfinmine/dbmodel/build/classes] and parallelism 4
2013-04-05 10:27:49 INFO         org.intermine.sql.DatabaseUtil     - Dropping table osbag_int
2013-04-05 10:27:49 INFO         org.intermine.sql.DatabaseUtil     - Dropping table intermine_sequence
2013-04-05 10:27:50 INFO         org.intermine.sql.DatabaseUtil     - Dropping table markerrelationship
2013-04-05 10:27:50 INFO         org.intermine.sql.DatabaseUtil     - Dropping table tag
2013-04-05 10:27:50 INFO         org.intermine.sql.DatabaseUtil     - Dropping table fish
2013-04-05 10:27:50 INFO         org.intermine.sql.DatabaseUtil     - Dropping table pseudogenictranscript
2013-04-05 10:27:50 INFO         org.intermine.sql.DatabaseUtil     - Dropping table substitution
2013-04-05 10:27:50 INFO         org.intermine.sql.DatabaseUtil     - Dropping table cdsconstruct
2013-04-05 10:27:50 INFO         org.intermine.sql.DatabaseUtil     - Dropping table proteinspseudogene
2013-04-05 10:27:50 INFO         org.intermine.sql.DatabaseUtil     - Dropping table insertion
2013-04-05 10:27:50 INFO         org.intermine.sql.DatabaseUtil     - Dropping table ontologytermsynonyms
2013-04-05 10:27:50 INFO         org.intermine.sql.DatabaseUtil     - Dropping table morpholinostargets
2013-04-05 10:27:50 INFO         org.intermine.sql.DatabaseUtil     - Dropping table orthologueevidence
2013-04-05 10:27:50 INFO         org.intermine.sql.DatabaseUtil     - Dropping table crossreferencesexpressionresult
2013-04-05 10:27:50 INFO         org.intermine.sql.DatabaseUtil     - Dropping table reagent
2013-04-05 10:27:50 INFO         org.intermine.sql.DatabaseUtil     - Dropping table publicationsregion
2013-04-05 10:27:50 INFO         org.intermine.sql.DatabaseUtil     - Dropping table protein
2013-04-05 10:27:50 INFO         org.intermine.sql.DatabaseUtil     - Dropping table genesintrons
2013-04-05 10:27:50 INFO         org.intermine.sql.DatabaseUtil     - Dropping table complexsubstitution
2013-04-05 10:27:50 INFO         org.intermine.sql.DatabaseUtil     - Dropping table goevidence
2013-04-05 10:27:50 INFO         org.intermine.sql.DatabaseUtil     - Dropping table fishphenotypes
2013-04-05 10:27:50 INFO         org.intermine.sql.DatabaseUtil     - Dropping table datasource
2013-04-05 10:27:50 INFO         org.intermine.sql.DatabaseUtil     - Dropping table crossreferencesefg
2013-04-05 10:27:50 INFO         org.intermine.sql.DatabaseUtil     - Dropping table clone
2013-04-05 10:27:50 INFO         org.intermine.sql.DatabaseUtil     - Dropping table gene
2013-04-05 10:27:50 INFO         org.intermine.sql.DatabaseUtil     - Dropping table publicationtranscripts
2013-04-05 10:27:50 INFO         org.intermine.sql.DatabaseUtil     - Dropping table evidencegoannotation
2013-04-05 10:27:50 INFO         org.intermine.sql.DatabaseUtil     - Dropping table meshterm
2013-04-05 10:27:50 INFO         org.intermine.sql.DatabaseUtil     - Dropping table crossreferenceshomologue
2013-04-05 10:27:50 INFO         org.intermine.sql.DatabaseUtil     - Dropping table publicationsslps
2013-04-05 10:27:50 INFO         org.intermine.sql.DatabaseUtil     - Dropping table publicationstss
2013-04-05 10:27:50 INFO         org.intermine.sql.DatabaseUtil     - Dropping table cds
2013-04-05 10:27:50 INFO         org.intermine.sql.DatabaseUtil     - Dropping table constructsfish
2013-04-05 10:27:50 INFO         org.intermine.sql.DatabaseUtil     - Dropping table image
2013-04-05 10:27:50 INFO         org.intermine.sql.DatabaseUtil     - Dropping table crossreference
2013-04-05 10:27:50 INFO         org.intermine.sql.DatabaseUtil     - Dropping table phenotype
2013-04-05 10:27:50 INFO         org.intermine.sql.DatabaseUtil     - Dropping table morpholinospublication
2013-04-05 10:27:50 INFO         org.intermine.sql.DatabaseUtil     - Dropping table antibodiespublication
2013-04-05 10:27:50 INFO         org.intermine.sql.DatabaseUtil     - Dropping table constructsefgs
2013-04-05 10:27:50 INFO         org.intermine.sql.DatabaseUtil     - Dropping table ontologyterm
2013-04-05 10:27:50 INFO         org.intermine.sql.DatabaseUtil     - Dropping table phenotypicallelesphenotypicconstructs
2013-04-05 10:27:50 INFO         org.intermine.sql.DatabaseUtil     - Dropping table ontologyannotationpublications
2013-04-05 10:27:50 INFO         org.intermine.sql.DatabaseUtil     - Dropping table patoterm
2013-04-05 10:27:50 INFO         org.intermine.sql.DatabaseUtil     - Dropping table expressionspublication
2013-04-05 10:27:50 INFO         org.intermine.sql.DatabaseUtil     - Dropping table featuresgenotypes
2013-04-05 10:27:50 INFO         org.intermine.sql.DatabaseUtil     - Dropping table chromosomaldeletion
2013-04-05 10:27:50 INFO         org.intermine.sql.DatabaseUtil     - Dropping table comment
2013-04-05 10:27:50 INFO         org.intermine.sql.DatabaseUtil     - Dropping table goevidencepublications
2013-04-05 10:27:50 INFO         org.intermine.sql.DatabaseUtil     - Dropping table expressionresult
2013-04-05 10:27:50 INFO         org.intermine.sql.DatabaseUtil     - Dropping table region
2013-04-05 10:27:50 INFO         org.intermine.sql.DatabaseUtil     - Dropping table goevidenceintermine_with
2013-04-05 10:27:50 INFO         org.intermine.sql.DatabaseUtil     - Dropping table ontologyrelation
2013-04-05 10:27:50 INFO         org.intermine.sql.DatabaseUtil     - Dropping table markerpublications
2013-04-05 10:27:50 INFO         org.intermine.sql.DatabaseUtil     - Dropping table intron
2013-04-05 10:27:50 INFO         org.intermine.sql.DatabaseUtil     - Dropping table clob
2013-04-05 10:27:50 INFO         org.intermine.sql.DatabaseUtil     - Dropping table markersmovedmovedin
2013-04-05 10:27:50 INFO         org.intermine.sql.DatabaseUtil     - Dropping table genotype
2013-04-05 10:27:50 INFO         org.intermine.sql.DatabaseUtil     - Dropping table genotypeenvironment
2013-04-05 10:27:50 INFO         org.intermine.sql.DatabaseUtil     - Dropping table genotypepublications
2013-04-05 10:27:50 INFO         org.intermine.sql.DatabaseUtil     - Dropping table ontologyannotation
2013-04-05 10:27:50 INFO         org.intermine.sql.DatabaseUtil     - Dropping table chromosomesgenes
2013-04-05 10:27:50 INFO         org.intermine.sql.DatabaseUtil     - Dropping table probelibrary
2013-04-05 10:27:50 INFO         org.intermine.sql.DatabaseUtil     - Dropping table figure
2013-04-05 10:27:50 INFO         org.intermine.sql.DatabaseUtil     - Dropping table soterm
2013-04-05 10:27:50 INFO         org.intermine.sql.DatabaseUtil     - Dropping table orthologueevidencecode
2013-04-05 10:27:50 INFO         org.intermine.sql.DatabaseUtil     - Dropping table simplesequencelengthvariation
2013-04-05 10:27:50 INFO         org.intermine.sql.DatabaseUtil     - Dropping table ontologytermsynonym
2013-04-05 10:27:50 INFO         org.intermine.sql.DatabaseUtil     - Dropping table geneflankingregion
2013-04-05 10:27:50 INFO         org.intermine.sql.DatabaseUtil     - Dropping table bioentity
2013-04-05 10:27:50 INFO         org.intermine.sql.DatabaseUtil     - Dropping table rapd
2013-04-05 10:27:50 INFO         org.intermine.sql.DatabaseUtil     - Dropping table tracker
2013-04-05 10:27:50 INFO         org.intermine.sql.DatabaseUtil     - Dropping table expressionresultsubtermsontologyterm
2013-04-05 10:27:50 INFO         org.intermine.sql.DatabaseUtil     - Dropping table clonestranscripts
2013-04-05 10:27:50 INFO         org.intermine.sql.DatabaseUtil     - Dropping table datasetslocation
2013-04-05 10:27:50 INFO         org.intermine.sql.DatabaseUtil     - Dropping table environmentalcondition
2013-04-05 10:27:50 INFO         org.intermine.sql.DatabaseUtil     - Dropping table markersmissingmissingfrom
2013-04-05 10:27:50 INFO         org.intermine.sql.DatabaseUtil     - Dropping table laboforiginlines
2013-04-05 10:27:50 INFO         org.intermine.sql.DatabaseUtil     - Dropping table pathway
2013-04-05 10:27:50 INFO         org.intermine.sql.DatabaseUtil     - Dropping table intermineobject
2013-04-05 10:27:50 INFO         org.intermine.sql.DatabaseUtil     - Dropping table publicationregions
2013-04-05 10:27:51 INFO         org.intermine.sql.DatabaseUtil     - Dropping table deletion
2013-04-05 10:27:51 INFO         org.intermine.sql.DatabaseUtil     - Dropping table datasetsontologyterm
2013-04-05 10:27:51 INFO         org.intermine.sql.DatabaseUtil     - Dropping table pseudogenicregion
2013-04-05 10:27:51 INFO         org.intermine.sql.DatabaseUtil     - Dropping table orthologueevidencepublications
2013-04-05 10:27:51 INFO         org.intermine.sql.DatabaseUtil     - Dropping table genesproteins
2013-04-05 10:27:51 INFO         org.intermine.sql.DatabaseUtil     - Dropping table dnaclone
2013-04-05 10:27:51 INFO         org.intermine.sql.DatabaseUtil     - Dropping table homologue
2013-04-05 10:27:51 INFO         org.intermine.sql.DatabaseUtil     - Dropping table authorspublications
2013-04-05 10:27:51 INFO         org.intermine.sql.DatabaseUtil     - Dropping table zfaterm
2013-04-05 10:27:51 INFO         org.intermine.sql.DatabaseUtil     - Dropping table sequencealteration
2013-04-05 10:27:51 INFO         org.intermine.sql.DatabaseUtil     - Dropping table construct
2013-04-05 10:27:51 INFO         org.intermine.sql.DatabaseUtil     - Dropping table precompute_index
2013-04-05 10:27:51 INFO         org.intermine.sql.DatabaseUtil     - Dropping table utr
2013-04-05 10:27:51 INFO         org.intermine.sql.DatabaseUtil     - Dropping table expressionresultsendontologyterm
2013-04-05 10:27:51 INFO         org.intermine.sql.DatabaseUtil     - Dropping table transcript
2013-04-05 10:27:51 INFO         org.intermine.sql.DatabaseUtil     - Dropping table executelog
2013-04-05 10:27:51 INFO         org.intermine.sql.DatabaseUtil     - Dropping table featuresgenes
2013-04-05 10:27:51 INFO         org.intermine.sql.DatabaseUtil     - Dropping table bioentitiespublications
2013-04-05 10:27:51 INFO         org.intermine.sql.DatabaseUtil     - Dropping table fishgenes
2013-04-05 10:27:51 INFO         org.intermine.sql.DatabaseUtil     - Dropping table synonym
2013-04-05 10:27:51 INFO         org.intermine.sql.DatabaseUtil     - Dropping table location
2013-04-05 10:27:51 INFO         org.intermine.sql.DatabaseUtil     - Dropping table sequencecollection
2013-04-05 10:27:51 INFO         org.intermine.sql.DatabaseUtil     - Dropping table publicationsnps
2013-04-05 10:27:51 INFO         org.intermine.sql.DatabaseUtil     - Dropping table sequencevariant
2013-04-05 10:27:51 INFO         org.intermine.sql.DatabaseUtil     - Dropping table chromosome
2013-04-05 10:27:51 INFO         org.intermine.sql.DatabaseUtil     - Dropping table efg
2013-04-05 10:27:51 INFO         org.intermine.sql.DatabaseUtil     - Dropping table featuremarkerrelationship
2013-04-05 10:27:51 INFO         org.intermine.sql.DatabaseUtil     - Dropping table crossreferencesregion
2013-04-05 10:27:51 INFO         org.intermine.sql.DatabaseUtil     - Dropping table antibodycrossreferences
2013-04-05 10:27:51 INFO         org.intermine.sql.DatabaseUtil     - Dropping table pointmutation
2013-04-05 10:27:51 INFO         org.intermine.sql.DatabaseUtil     - Dropping table constructpublications
2013-04-05 10:27:51 INFO         org.intermine.sql.DatabaseUtil     - Dropping table constructcrossreferences
2013-04-05 10:27:51 INFO         org.intermine.sql.DatabaseUtil     - Dropping table innocuousallelesinnocuousconstructs
2013-04-05 10:27:51 INFO         org.intermine.sql.DatabaseUtil     - Dropping table efgpublications
2013-04-05 10:27:51 INFO         org.intermine.sql.DatabaseUtil     - Dropping table inversion
2013-04-05 10:27:51 INFO         org.intermine.sql.DatabaseUtil     - Dropping table constructscontains
2013-04-05 10:27:51 INFO         org.intermine.sql.DatabaseUtil     - Dropping table promotesregion
2013-04-05 10:27:51 INFO         org.intermine.sql.DatabaseUtil     - Dropping table datasetshomologue
2013-04-05 10:27:51 INFO         org.intermine.sql.DatabaseUtil     - Dropping table morpholinooligo
2013-04-05 10:27:51 INFO         org.intermine.sql.DatabaseUtil     - Dropping table encodesgenes
2013-04-05 10:27:51 INFO         org.intermine.sql.DatabaseUtil     - Dropping table promotestranscript
2013-04-05 10:27:51 INFO         org.intermine.sql.DatabaseUtil     - Dropping table markerspresentpresentin
2013-04-05 10:27:51 INFO         org.intermine.sql.DatabaseUtil     - Dropping table intermine_metadata
2013-04-05 10:27:51 INFO         org.intermine.sql.DatabaseUtil     - Dropping table rnaclone
2013-04-05 10:27:51 INFO         org.intermine.sql.DatabaseUtil     - Dropping table datasetssynonym
2013-04-05 10:27:51 INFO         org.intermine.sql.DatabaseUtil     - Dropping table efgspublication
2013-04-05 10:27:51 INFO         org.intermine.sql.DatabaseUtil     - Dropping table ontology
2013-04-05 10:27:51 INFO         org.intermine.sql.DatabaseUtil     - Dropping table organism
2013-04-05 10:27:51 INFO         org.intermine.sql.DatabaseUtil     - Dropping table ontologytermrelations
2013-04-05 10:27:51 INFO         org.intermine.sql.DatabaseUtil     - Dropping table expressionresultsstartontologyterm
2013-04-05 10:27:51 INFO         org.intermine.sql.DatabaseUtil     - Dropping table genesstss
2013-04-05 10:27:51 INFO         org.intermine.sql.DatabaseUtil     - Dropping table environment
2013-04-05 10:27:51 INFO         org.intermine.sql.DatabaseUtil     - Dropping table genegoannotation
2013-04-05 10:27:51 INFO         org.intermine.sql.DatabaseUtil     - Dropping table marker
2013-04-05 10:27:51 INFO         org.intermine.sql.DatabaseUtil     - Dropping table sts
2013-04-05 10:27:51 INFO         org.intermine.sql.DatabaseUtil     - Dropping table crossreferenceszfaterm
2013-04-05 10:27:51 INFO         org.intermine.sql.DatabaseUtil     - Dropping table affectorsfish
2013-04-05 10:27:51 INFO         org.intermine.sql.DatabaseUtil     - Dropping table translocation
2013-04-05 10:27:51 INFO         org.intermine.sql.DatabaseUtil     - Dropping table artifactscloneartifacts
2013-04-05 10:27:51 INFO         org.intermine.sql.DatabaseUtil     - Dropping table codingsequenceofcodingsequences
2013-04-05 10:27:51 INFO         org.intermine.sql.DatabaseUtil     - Dropping table genessequencevariant
2013-04-05 10:27:51 INFO         org.intermine.sql.DatabaseUtil     - Dropping table snp
2013-04-05 10:27:51 INFO         org.intermine.sql.DatabaseUtil     - Dropping table genesgenotypes
2013-04-05 10:27:51 INFO         org.intermine.sql.DatabaseUtil     - Dropping table antibody
2013-04-05 10:27:51 INFO         org.intermine.sql.DatabaseUtil     - Dropping table constructspublication
2013-04-05 10:27:51 INFO         org.intermine.sql.DatabaseUtil     - Dropping table evidencehomologue
2013-04-05 10:27:51 INFO         org.intermine.sql.DatabaseUtil     - Dropping table datasetsontologyannotation
2013-04-05 10:27:51 INFO         org.intermine.sql.DatabaseUtil     - Dropping table overlappingfeaturessequencefeature
2013-04-05 10:27:51 INFO         org.intermine.sql.DatabaseUtil     - Dropping table databasereference
2013-04-05 10:27:51 INFO         org.intermine.sql.DatabaseUtil     - Dropping table expressionresultsfigures
2013-04-05 10:27:51 INFO         org.intermine.sql.DatabaseUtil     - Dropping table intergenicregion
2013-04-05 10:27:51 INFO         org.intermine.sql.DatabaseUtil     - Dropping table lab
2013-04-05 10:27:51 INFO         org.intermine.sql.DatabaseUtil     - Dropping table journal
2013-04-05 10:27:51 INFO         org.intermine.sql.DatabaseUtil     - Dropping table author
2013-04-05 10:27:51 INFO         org.intermine.sql.DatabaseUtil     - Dropping table efgpromotes
2013-04-05 10:27:51 INFO         org.intermine.sql.DatabaseUtil     - Dropping table constructpromoter
2013-04-05 10:27:51 INFO         org.intermine.sql.DatabaseUtil     - Dropping table promoterspromotes
2013-04-05 10:27:51 INFO         org.intermine.sql.DatabaseUtil     - Dropping table insertionallelesinsertionconstructs
2013-04-05 10:27:51 INFO         org.intermine.sql.DatabaseUtil     - Dropping table adjacentgenesintergenicregion
2013-04-05 10:27:51 INFO         org.intermine.sql.DatabaseUtil     - Dropping table clonescontains
2013-04-05 10:27:51 INFO         org.intermine.sql.DatabaseUtil     - Dropping table meshtermspublications
2013-04-05 10:27:51 INFO         org.intermine.sql.DatabaseUtil     - Dropping table genespublication
2013-04-05 10:27:51 INFO         org.intermine.sql.DatabaseUtil     - Dropping table ontologytermparents
2013-04-05 10:27:51 INFO         org.intermine.sql.DatabaseUtil     - Dropping table clonespublication
2013-04-05 10:27:51 INFO         org.intermine.sql.DatabaseUtil     - Dropping table antibodiesgenes
2013-04-05 10:27:51 INFO         org.intermine.sql.DatabaseUtil     - Dropping table sequencefeature
2013-04-05 10:27:51 INFO         org.intermine.sql.DatabaseUtil     - Dropping table antibodypublications
2013-04-05 10:27:51 INFO         org.intermine.sql.DatabaseUtil     - Dropping table encodespseudogene
2013-04-05 10:27:51 INFO         org.intermine.sql.DatabaseUtil     - Dropping table publication
2013-04-05 10:27:51 INFO         org.intermine.sql.DatabaseUtil     - Dropping table exon
2013-04-05 10:27:51 INFO         org.intermine.sql.DatabaseUtil     - Dropping table genespathways
2013-04-05 10:27:51 INFO         org.intermine.sql.DatabaseUtil     - Dropping table bioentitiesdatasets
2013-04-05 10:27:51 INFO         org.intermine.sql.DatabaseUtil     - Dropping table goevidencecode
2013-04-05 10:27:51 INFO         org.intermine.sql.DatabaseUtil     - Dropping table goterm
2013-04-05 10:27:51 INFO         org.intermine.sql.DatabaseUtil     - Dropping table dataset
2013-04-05 10:27:51 INFO         org.intermine.sql.DatabaseUtil     - Dropping table goannotation
2013-04-05 10:27:51 INFO         org.intermine.sql.DatabaseUtil     - Dropping table transgenicinsertion
2013-04-05 10:27:51 INFO         org.intermine.sql.DatabaseUtil     - Dropping table pseudogene
2013-04-05 10:27:51 INFO         org.intermine.sql.DatabaseUtil     - Dropping sequence serial
2013-04-05 10:27:52 INFO  org.apache.torque.engine.database.transform.XmlToAppData     - Parsing file: 'schema3173540535800206174xml'
